15:15:26 INFO  : Registering command handlers for Vitis TCF services
15:15:26 INFO  : Launching XSCT server: xsct.bat -n  -interactive U:\final\Tetris\temp_xsdb_launch_script.tcl
15:15:28 INFO  : Platform repository initialization has completed.
15:15:28 INFO  : XSCT server has started successfully.
15:15:29 INFO  : plnx-install-location is set to ''
15:15:29 INFO  : Successfully done setting XSCT server connection channel  
15:15:29 INFO  : Successfully done query RDI_DATADIR 
15:15:29 INFO  : Successfully done setting workspace for the tool. 
15:16:54 INFO  : Result from executing command 'getProjects': tetris_plt
15:16:54 INFO  : Result from executing command 'getPlatforms': 
15:18:48 INFO  : Result from executing command 'getProjects': tetris_plt
15:18:48 INFO  : Result from executing command 'getPlatforms': tetris_plt|U:/final/Tetris/tetris_plt/export/tetris_plt/tetris_plt.xpfm
15:27:27 INFO  : Result from executing command 'getProjects': tetris_plt
15:27:27 INFO  : Result from executing command 'getPlatforms': tetris_plt|U:/final/Tetris/tetris_plt/export/tetris_plt/tetris_plt.xpfm
15:27:29 INFO  : Checking for BSP changes to sync application flags for project 'core1'...
15:27:30 INFO  : Updating application flags with new BSP settings...
15:27:31 INFO  : Successfully updated application flags for project core1.
15:27:41 INFO  : Checking for BSP changes to sync application flags for project 'core0'...
17:00:47 INFO  : Launching XSCT server: xsct.bat -n  -interactive C:\Users\jya236\Documents\tetris\Tetris\temp_xsdb_launch_script.tcl
17:00:49 INFO  : XSCT server has started successfully.
17:00:49 INFO  : plnx-install-location is set to ''
17:00:49 INFO  : Successfully done setting XSCT server connection channel  
17:00:49 INFO  : Successfully done setting workspace for the tool. 
17:00:51 ERROR : Error encountered while initializing user repository paths
Reason: No Platforms Found.


17:00:51 INFO  : Platform repository initialization has completed.
17:00:52 INFO  : Successfully done query RDI_DATADIR 
17:00:53 INFO  : Registering command handlers for Vitis TCF services
17:01:06 ERROR : Error encountered while updating custom repository paths
Reason: No Platforms Found.


17:01:32 ERROR : Error encountered while updating custom repository paths
Reason: No Platforms Found.


17:01:38 ERROR : Error encountered while updating custom repository paths
Reason: No Platforms Found.


17:06:41 INFO  : Result from executing command 'getProjects': tetris_plt
17:06:41 INFO  : Result from executing command 'getPlatforms': 
17:06:54 INFO  : Checking for BSP changes to sync application flags for project 'core1'...
17:07:02 INFO  : Checking for BSP changes to sync application flags for project 'core0'...
18:12:36 INFO  : Launching XSCT server: xsct.bat -n  -interactive C:\Users\jya236\Documents\tetris\software\temp_xsdb_launch_script.tcl
18:12:38 INFO  : XSCT server has started successfully.
18:12:38 INFO  : Successfully done setting XSCT server connection channel  
18:12:38 INFO  : plnx-install-location is set to ''
18:12:38 INFO  : Successfully done setting workspace for the tool. 
18:12:41 ERROR : Error encountered while initializing user repository paths
Reason: No Platforms Found.


18:12:41 INFO  : Platform repository initialization has completed.
18:12:41 INFO  : Successfully done query RDI_DATADIR 
18:12:42 INFO  : Registering command handlers for Vitis TCF services
18:15:23 INFO  : Result from executing command 'getProjects': tetris_plt
18:15:23 INFO  : Result from executing command 'getPlatforms': 
18:15:24 INFO  : Checking for BSP changes to sync application flags for project 'core1'...
18:15:32 INFO  : Checking for BSP changes to sync application flags for project 'core0'...
18:46:43 INFO  : Checking for BSP changes to sync application flags for project 'core1'...
18:46:44 INFO  : Checking for BSP changes to sync application flags for project 'core0'...
18:47:30 INFO  : Checking for BSP changes to sync application flags for project 'core0'...
